2023-12-13 03:13:13 [main] INFO  c.m.twittertokafka.TwitterToKafka - Starting TwitterToKafka on Legion with PID 17904 (C:\Users\likit\OneDrive\Desktop\java\eda\twitter-to-kafka\target\classes started by likit in C:\Users\likit\OneDrive\Desktop\java\eda)
2023-12-13 03:13:13 [main] INFO  c.m.twittertokafka.TwitterToKafka - No active profile set, falling back to default profiles: default
2023-12-13 03:13:14 [main] INFO  c.m.twittertokafka.TwitterToKafka - Started TwitterToKafka in 1.138 seconds (JVM running for 1.802)
2023-12-13 03:13:14 [main] INFO  c.m.twittertokafka.TwitterToKafka - Welcome to the Twitter to Kafka Service
2023-12-13 03:13:14 [main] INFO  c.m.twittertokafka.TwitterToKafka - Provided keywords are: [Java, Spring, Kafka, Microservices, Docker]
2023-12-13 03:13:14 [main] INFO  c.m.t.r.impl.MockTwitterStreamRunner - Starting mock twitter stream for keywords [Java, Spring, Kafka, Microservices, Docker]
2023-12-13 03:13:14 [pool-1-thread-1] INFO  c.m.t.r.impl.MockTwitterStreamRunner - Created a mocker server on a separate thread
2023-12-13 03:13:15 [pool-1-thread-1] INFO  c.m.t.listener.TwitterStatusListener - @Kurt Mills - incididunt Lorem labore incididunt consectetur sit sit sit labore dolor amet dolor ut tempor labore tempor tempor elit sit elit dolor amet tempor elit incididunt consectetur labore elit adipiscing elit consectetur dolor ipsum ipsum ipsum dolor sed sit do ut ut do sit sit Java ipsum Lorem dolor sed ipsum labore ipsum consectetur do amet ipsum incididunt eiusmod dolor eiusmod dolor consectetur ut ut labore do eiusmod eiusmod sit consectetur sit elit do sit consectetur eiusmod ut sit consectetur sit ut tempor incididunt Lorem incididunt sit sit sit
2023-12-13 03:13:16 [pool-1-thread-1] INFO  c.m.t.listener.TwitterStatusListener - @Otto Kumpula - amet adipiscing eiusmod do ipsum incididunt ut amet consectetur amet adipiscing ipsum consectetur adipiscing adipiscing elit do elit labore ut ut tempor dolor labore sit tempor Lorem Lorem elit dolor eiusmod Lorem sed sed labore eiusmod ut consectetur sit eiusmod Lorem labore Microservices sit ipsum adipiscing amet eiusmod adipiscing adipiscing do do tempor ipsum sed do incididunt elit amet Lorem Lorem ipsum Lorem consectetur sit ipsum Lorem labore ut eiusmod consectetur amet labore adipiscing ipsum Lorem Lorem sit sit incididunt dolor eiusmod eiusmod Lorem
2023-12-13 03:13:17 [pool-1-thread-1] INFO  c.m.t.listener.TwitterStatusListener - @Martín Caballero - labore ut elit ipsum sed consectetur eiusmod ut labore elit tempor amet eiusmod adipiscing do amet amet ut elit eiusmod ipsum ipsum incididunt elit tempor incididunt elit ut sed sit consectetur adipiscing consectetur consectetur tempor elit sit do tempor sit adipiscing adipiscing incididunt adipiscing adipiscing amet elit eiusmod tempor labore ipsum Spring tempor dolor sed tempor adipiscing amet amet adipiscing labore do sit adipiscing adipiscing labore tempor consectetur elit amet do labore labore adipiscing do sed dolor Lorem dolor tempor consectetur Lorem dolor ut ipsum ut labore adipiscing adipiscing ipsum tempor elit tempor eiusmod ipsum dolor incididunt tempor sit ut elit
2023-12-13 03:13:19 [pool-1-thread-1] INFO  c.m.t.listener.TwitterStatusListener - @Sophia Grewal - adipiscing elit do adipiscing consectetur do ipsum sed elit labore do do amet tempor dolor elit consectetur Lorem amet labore eiusmod sed ipsum ut ipsum ipsum do labore ipsum amet do ipsum tempor amet amet sit sit consectetur do incididunt incididunt ut ut Java consectetur dolor labore Lorem elit Lorem dolor adipiscing sed ut ipsum do Lorem tempor adipiscing tempor sed elit sed tempor amet do elit ipsum elit amet incididunt labore adipiscing Lorem labore dolor sit consectetur do amet eiusmod sed ut eiusmod adipiscing
2023-12-13 03:13:20 [pool-1-thread-1] INFO  c.m.t.listener.TwitterStatusListener - @Deborah Cox - amet ipsum ut elit Lorem elit Lorem ut incididunt sed sit Lorem ut incididunt do elit consectetur elit elit eiusmod do dolor amet sit elit elit consectetur sed ipsum incididunt consectetur do do sit amet ut tempor elit do consectetur Lorem sit elit Kafka eiusmod ut adipiscing dolor elit adipiscing amet sed ut adipiscing Lorem Lorem eiusmod labore do elit incididunt adipiscing sed sit labore ipsum Lorem adipiscing labore adipiscing do eiusmod labore dolor Lorem elit do sed consectetur incididunt labore ut labore amet incididunt
2023-12-13 03:13:21 [pool-1-thread-1] INFO  c.m.t.listener.TwitterStatusListener - @Sanja Živojinović - eiusmod consectetur sit ut elit do ipsum eiusmod elit do tempor ut labore amet eiusmod amet ipsum consectetur dolor labore ut Lorem do sed tempor labore eiusmod consectetur sit labore ipsum dolor incididunt dolor sed sit adipiscing eiusmod ut elit ut incididunt do consectetur Lorem incididunt sit consectetur do elit amet Lorem amet amet sed incididunt sit labore labore eiusmod eiusmod adipiscing amet Kafka eiusmod amet eiusmod do eiusmod labore ut labore sed incididunt ipsum tempor elit amet elit tempor tempor consectetur adipiscing sed elit do elit ipsum elit incididunt do consectetur adipiscing labore do amet dolor consectetur elit amet do adipiscing do incididunt amet ut tempor ipsum sit consectetur Lorem adipiscing do dolor sed incididunt tempor consectetur tempor do dolor amet dolor do sit
2023-12-13 03:13:23 [pool-1-thread-1] INFO  c.m.t.listener.TwitterStatusListener - @Gloria Lopez - tempor consectetur ipsum do eiusmod eiusmod sit incididunt incididunt ut consectetur incididunt eiusmod eiusmod do labore adipiscing incididunt dolor incididunt dolor labore sit tempor labore consectetur adipiscing eiusmod sed sed sit Java ipsum consectetur Lorem eiusmod amet dolor tempor sit Lorem ut sed amet ut sed labore incididunt consectetur ut sed labore do elit sit ut elit tempor ut sit eiusmod ut
2023-12-13 03:13:24 [pool-1-thread-1] ERROR c.m.t.utils.RandomTweetGenerator - Error while getting random name
java.io.InterruptedIOException: null
	at okhttp3.internal.http2.Http2Stream.waitForIo$okhttp(Http2Stream.kt:660)
	at okhttp3.internal.http2.Http2Stream.takeHeaders(Http2Stream.kt:140)
	at okhttp3.internal.http2.Http2ExchangeCodec.readResponseHeaders(Http2ExchangeCodec.kt:97)
	at okhttp3.internal.connection.Exchange.readResponseHeaders(Exchange.kt:110)
	at okhttp3.internal.http.CallServerInterceptor.intercept(CallServerInterceptor.kt:93)
	at okhttp3.internal.http.RealInterceptorChain.proceed(RealInterceptorChain.kt:109)
	at okhttp3.internal.connection.ConnectInterceptor.intercept(ConnectInterceptor.kt:34)
	at okhttp3.internal.http.RealInterceptorChain.proceed(RealInterceptorChain.kt:109)
	at okhttp3.internal.cache.CacheInterceptor.intercept(CacheInterceptor.kt:95)
	at okhttp3.internal.http.RealInterceptorChain.proceed(RealInterceptorChain.kt:109)
	at okhttp3.internal.http.BridgeInterceptor.intercept(BridgeInterceptor.kt:83)
	at okhttp3.internal.http.RealInterceptorChain.proceed(RealInterceptorChain.kt:109)
	at okhttp3.internal.http.RetryAndFollowUpInterceptor.intercept(RetryAndFollowUpInterceptor.kt:76)
	at okhttp3.internal.http.RealInterceptorChain.proceed(RealInterceptorChain.kt:109)
	at okhttp3.internal.connection.RealCall.getResponseWithInterceptorChain$okhttp(RealCall.kt:201)
	at okhttp3.internal.connection.RealCall.execute(RealCall.kt:154)
	at com.microservices.twittertokafka.utils.RandomTweetGenerator.getRandomName(RandomTweetGenerator.java:29)
	at com.microservices.twittertokafka.runner.impl.MockTwitterStreamRunner.getRandomTweet(MockTwitterStreamRunner.java:123)
	at com.microservices.twittertokafka.runner.impl.MockTwitterStreamRunner.lambda$simulateTwitterStream$0(MockTwitterStreamRunner.java:104)
	at java.base/java.util.concurrent.Executors$RunnableAdapter.call(Executors.java:539)
	at java.base/java.util.concurrent.FutureTask.run(FutureTask.java:264)
	at java.base/java.util.concurrent.ThreadPoolExecutor.runWorker(ThreadPoolExecutor.java:1136)
	at java.base/java.util.concurrent.ThreadPoolExecutor$Worker.run(ThreadPoolExecutor.java:635)
	at java.base/java.lang.Thread.run(Thread.java:833)
2023-12-13 03:13:24 [pool-1-thread-1] INFO  c.m.t.listener.TwitterStatusListener - @John Doe - sed consectetur consectetur sed dolor ipsum ipsum sed Spring ipsum adipiscing incididunt sit do do
2023-12-13 03:13:25 [pool-1-thread-1] INFO  c.m.t.listener.TwitterStatusListener - @Stephanie Brewer - consectetur dolor tempor elit do Lorem amet consectetur sed elit Lorem sit incididunt ipsum labore eiusmod labore Microservices incididunt tempor ut elit ut sed sed dolor tempor ut amet tempor dolor tempor elit
2023-12-13 03:13:26 [pool-1-thread-1] INFO  c.m.t.listener.TwitterStatusListener - @ثنا موسوی - sed consectetur dolor labore consectetur amet amet do ipsum labore consectetur consectetur eiusmod labore Lorem ipsum do do tempor labore sit ipsum do eiusmod tempor eiusmod sed elit tempor sed consectetur adipiscing do dolor amet sed adipiscing elit incididunt consectetur tempor amet incididunt do incididunt sit dolor ut sed ipsum sit ut sit amet Microservices adipiscing incididunt Lorem do adipiscing Lorem adipiscing incididunt consectetur sit sit do Lorem incididunt sed do ut do incididunt sit labore labore ipsum eiusmod consectetur ipsum consectetur labore elit sit do elit eiusmod dolor tempor tempor do sed consectetur eiusmod eiusmod eiusmod dolor labore do incididunt ipsum Lorem Lorem consectetur dolor sit eiusmod
2023-12-13 03:13:28 [pool-1-thread-1] INFO  c.m.t.listener.TwitterStatusListener - @Ilija Anđelković - consectetur dolor adipiscing ut labore labore sit eiusmod incididunt amet eiusmod labore elit ut Lorem incididunt Lorem tempor elit ipsum elit sit eiusmod sed tempor ut elit ipsum elit tempor elit elit dolor consectetur Lorem elit labore amet sed sit do do eiusmod eiusmod sed Kafka elit dolor amet do dolor labore tempor dolor sit tempor ut eiusmod labore consectetur dolor labore ut Lorem incididunt elit ut tempor dolor sed adipiscing incididunt ut ipsum consectetur sed eiusmod amet amet ipsum amet tempor do dolor ipsum amet incididunt amet elit do
2023-12-13 03:13:29 [pool-1-thread-1] ERROR c.m.t.utils.RandomTweetGenerator - Error while getting random name
java.io.InterruptedIOException: null
	at okhttp3.internal.http2.Http2Stream.waitForIo$okhttp(Http2Stream.kt:660)
	at okhttp3.internal.http2.Http2Stream.takeHeaders(Http2Stream.kt:140)
	at okhttp3.internal.http2.Http2ExchangeCodec.readResponseHeaders(Http2ExchangeCodec.kt:97)
	at okhttp3.internal.connection.Exchange.readResponseHeaders(Exchange.kt:110)
	at okhttp3.internal.http.CallServerInterceptor.intercept(CallServerInterceptor.kt:93)
	at okhttp3.internal.http.RealInterceptorChain.proceed(RealInterceptorChain.kt:109)
	at okhttp3.internal.connection.ConnectInterceptor.intercept(ConnectInterceptor.kt:34)
	at okhttp3.internal.http.RealInterceptorChain.proceed(RealInterceptorChain.kt:109)
	at okhttp3.internal.cache.CacheInterceptor.intercept(CacheInterceptor.kt:95)
	at okhttp3.internal.http.RealInterceptorChain.proceed(RealInterceptorChain.kt:109)
	at okhttp3.internal.http.BridgeInterceptor.intercept(BridgeInterceptor.kt:83)
	at okhttp3.internal.http.RealInterceptorChain.proceed(RealInterceptorChain.kt:109)
	at okhttp3.internal.http.RetryAndFollowUpInterceptor.intercept(RetryAndFollowUpInterceptor.kt:76)
	at okhttp3.internal.http.RealInterceptorChain.proceed(RealInterceptorChain.kt:109)
	at okhttp3.internal.connection.RealCall.getResponseWithInterceptorChain$okhttp(RealCall.kt:201)
	at okhttp3.internal.connection.RealCall.execute(RealCall.kt:154)
	at com.microservices.twittertokafka.utils.RandomTweetGenerator.getRandomName(RandomTweetGenerator.java:29)
	at com.microservices.twittertokafka.runner.impl.MockTwitterStreamRunner.getRandomTweet(MockTwitterStreamRunner.java:123)
	at com.microservices.twittertokafka.runner.impl.MockTwitterStreamRunner.lambda$simulateTwitterStream$0(MockTwitterStreamRunner.java:104)
	at java.base/java.util.concurrent.Executors$RunnableAdapter.call(Executors.java:539)
	at java.base/java.util.concurrent.FutureTask.run(FutureTask.java:264)
	at java.base/java.util.concurrent.ThreadPoolExecutor.runWorker(ThreadPoolExecutor.java:1136)
	at java.base/java.util.concurrent.ThreadPoolExecutor$Worker.run(ThreadPoolExecutor.java:635)
	at java.base/java.lang.Thread.run(Thread.java:833)
2023-12-13 03:13:29 [pool-1-thread-1] INFO  c.m.t.listener.TwitterStatusListener - @John Doe - adipiscing consectetur do elit ut elit Spring do labore ipsum do adipiscing
