2023-12-14 08:28:35 [main] INFO  o.s.b.t.c.SpringBootTestContextBootstrapper - Neither @ContextConfiguration nor @ContextHierarchy found for test class [com.microservices.twittertokafka.TwitterToKafkaTests], using SpringBootContextLoader
2023-12-14 08:28:35 [main] INFO  o.s.t.c.s.AbstractContextLoader - Could not detect default resource locations for test class [com.microservices.twittertokafka.TwitterToKafkaTests]: no resource found for suffixes {-context.xml, Context.groovy}.
2023-12-14 08:28:35 [main] INFO  o.s.t.c.s.AnnotationConfigContextLoaderUtils - Could not detect default configuration classes for test class [com.microservices.twittertokafka.TwitterToKafkaTests]: TwitterToKafkaTests does not declare any static, non-private, non-final, nested classes annotated with @Configuration.
2023-12-14 08:28:35 [main] INFO  o.s.b.t.c.SpringBootTestContextBootstrapper - Found @SpringBootConfiguration com.microservices.twittertokafka.TwitterToKafka for test class com.microservices.twittertokafka.TwitterToKafkaTests
2023-12-14 08:28:35 [main] INFO  o.s.b.t.c.SpringBootTestContextBootstrapper - Loaded default TestExecutionListener class names from location [META-INF/spring.factories]: [org.springframework.boot.test.mock.mockito.MockitoTestExecutionListener, org.springframework.boot.test.mock.mockito.ResetMocksTestExecutionListener, org.springframework.boot.test.autoconfigure.restdocs.RestDocsTestExecutionListener, org.springframework.boot.test.autoconfigure.web.client.MockRestServiceServerResetTestExecutionListener, org.springframework.boot.test.autoconfigure.web.servlet.MockMvcPrintOnlyOnFailureTestExecutionListener, org.springframework.boot.test.autoconfigure.web.servlet.WebDriverTestExecutionListener, org.springframework.boot.test.autoconfigure.webservices.client.MockWebServiceServerTestExecutionListener, org.springframework.test.context.web.ServletTestExecutionListener, org.springframework.test.context.support.DirtiesContextBeforeModesTestExecutionListener, org.springframework.test.context.support.DependencyInjectionTestExecutionListener, org.springframework.test.context.support.DirtiesContextTestExecutionListener, org.springframework.test.context.transaction.TransactionalTestExecutionListener, org.springframework.test.context.jdbc.SqlScriptsTestExecutionListener, org.springframework.test.context.event.EventPublishingTestExecutionListener]
2023-12-14 08:28:35 [main] INFO  o.s.b.t.c.SpringBootTestContextBootstrapper - Using TestExecutionListeners: [org.springframework.test.context.support.DirtiesContextBeforeModesTestExecutionListener@119f1f2a, org.springframework.boot.test.mock.mockito.MockitoTestExecutionListener@1a1da881, org.springframework.boot.test.autoconfigure.SpringBootDependencyInjectionTestExecutionListener@5b970f7, org.springframework.test.context.support.DirtiesContextTestExecutionListener@7fd4acee, org.springframework.test.context.event.EventPublishingTestExecutionListener@165b8a71, org.springframework.boot.test.mock.mockito.ResetMocksTestExecutionListener@6175619b, org.springframework.boot.test.autoconfigure.restdocs.RestDocsTestExecutionListener@2f058b8a, org.springframework.boot.test.autoconfigure.web.client.MockRestServiceServerResetTestExecutionListener@756cf158, org.springframework.boot.test.autoconfigure.web.servlet.MockMvcPrintOnlyOnFailureTestExecutionListener@3f2ef586, org.springframework.boot.test.autoconfigure.web.servlet.WebDriverTestExecutionListener@751d3241, org.springframework.boot.test.autoconfigure.webservices.client.MockWebServiceServerTestExecutionListener@76c7beb3]
2023-12-14 08:28:35 [main] INFO  c.m.t.TwitterToKafkaTests - Starting TwitterToKafkaTests on Legion with PID 10832 (started by likit in C:\Users\likit\OneDrive\Desktop\java\eda\twitter-to-kafka)
2023-12-14 08:28:35 [main] INFO  c.m.t.TwitterToKafkaTests - No active profile set, falling back to default profiles: default
2023-12-14 08:28:37 [main] INFO  c.m.t.TwitterToKafkaTests - Started TwitterToKafkaTests in 1.732 seconds (JVM running for 2.954)
2023-12-14 08:28:37 [main] INFO  c.m.twittertokafka.TwitterToKafka - Welcome to the Twitter to Kafka Service
2023-12-14 08:28:37 [main] INFO  c.m.twittertokafka.TwitterToKafka - Provided keywords are: [Java, Spring, Kafka, Microservices, Docker]
2023-12-14 08:28:37 [main] INFO  c.m.t.r.impl.MockTwitterStreamRunner - Starting mock twitter stream for keywords [Java, Spring, Kafka, Microservices, Docker]
2023-12-14 08:28:37 [pool-1-thread-1] INFO  c.m.t.r.impl.MockTwitterStreamRunner - Created a mocker server on a separate thread
2023-12-14 08:28:37 [pool-1-thread-1] ERROR c.m.t.utils.RandomTweetGenerator - Error while getting random name
java.io.InterruptedIOException: null
	at okhttp3.internal.http2.Http2Stream.waitForIo$okhttp(Http2Stream.kt:660)
	at okhttp3.internal.http2.Http2Stream.takeHeaders(Http2Stream.kt:140)
	at okhttp3.internal.http2.Http2ExchangeCodec.readResponseHeaders(Http2ExchangeCodec.kt:97)
	at okhttp3.internal.connection.Exchange.readResponseHeaders(Exchange.kt:110)
	at okhttp3.internal.http.CallServerInterceptor.intercept(CallServerInterceptor.kt:93)
	at okhttp3.internal.http.RealInterceptorChain.proceed(RealInterceptorChain.kt:109)
	at okhttp3.internal.connection.ConnectInterceptor.intercept(ConnectInterceptor.kt:34)
	at okhttp3.internal.http.RealInterceptorChain.proceed(RealInterceptorChain.kt:109)
	at okhttp3.internal.cache.CacheInterceptor.intercept(CacheInterceptor.kt:95)
	at okhttp3.internal.http.RealInterceptorChain.proceed(RealInterceptorChain.kt:109)
	at okhttp3.internal.http.BridgeInterceptor.intercept(BridgeInterceptor.kt:83)
	at okhttp3.internal.http.RealInterceptorChain.proceed(RealInterceptorChain.kt:109)
	at okhttp3.internal.http.RetryAndFollowUpInterceptor.intercept(RetryAndFollowUpInterceptor.kt:76)
	at okhttp3.internal.http.RealInterceptorChain.proceed(RealInterceptorChain.kt:109)
	at okhttp3.internal.connection.RealCall.getResponseWithInterceptorChain$okhttp(RealCall.kt:201)
	at okhttp3.internal.connection.RealCall.execute(RealCall.kt:154)
	at com.microservices.twittertokafka.utils.RandomTweetGenerator.getRandomName(RandomTweetGenerator.java:29)
	at com.microservices.twittertokafka.runner.impl.MockTwitterStreamRunner.getRandomTweet(MockTwitterStreamRunner.java:123)
	at com.microservices.twittertokafka.runner.impl.MockTwitterStreamRunner.lambda$simulateTwitterStream$0(MockTwitterStreamRunner.java:104)
	at java.base/java.util.concurrent.Executors$RunnableAdapter.call(Executors.java:515)
	at java.base/java.util.concurrent.FutureTask.run(FutureTask.java:264)
	at java.base/java.util.concurrent.ThreadPoolExecutor.runWorker(ThreadPoolExecutor.java:1128)
	at java.base/java.util.concurrent.ThreadPoolExecutor$Worker.run(ThreadPoolExecutor.java:628)
	at java.base/java.lang.Thread.run(Thread.java:829)
2023-12-14 08:28:37 [pool-1-thread-1] INFO  c.m.t.listener.TwitterStatusListener - @John Doe - labore do dolor incididunt labore amet elit tempor incididunt eiusmod dolor dolor tempor ut incididunt sed labore consectetur ipsum eiusmod sed ut sit incididunt dolor do incididunt elit eiusmod ipsum sed ipsum elit amet ut sed sed incididunt ipsum incididunt labore do do sed sit labore amet eiusmod do labore amet elit eiusmod sit incididunt elit sed Lorem do incididunt Microservices dolor consectetur amet ut ipsum consectetur ipsum amet incididunt adipiscing adipiscing incididunt elit amet ipsum ut dolor Lorem amet labore adipiscing consectetur adipiscing ipsum ipsum sit ipsum tempor ipsum sit ipsum sit sit ut elit tempor dolor ipsum eiusmod incididunt eiusmod eiusmod do amet ut ut labore labore dolor tempor dolor Lorem incididunt elit amet Lorem Lorem amet
2023-12-14 08:28:39 [pool-1-thread-1] INFO  c.m.t.listener.TwitterStatusListener - @Francis Stooker - elit ipsum do ut tempor eiusmod ipsum labore eiusmod sit do tempor dolor sit adipiscing dolor tempor ut amet sit ut labore sed elit Lorem ipsum incididunt Lorem Lorem ut amet consectetur Lorem incididunt incididunt labore sed labore Lorem dolor incididunt adipiscing ut sed Lorem ut sit amet consectetur tempor ut ut Lorem dolor ipsum eiusmod tempor consectetur do Java sed adipiscing consectetur labore dolor eiusmod amet adipiscing consectetur sed sit ipsum do do elit incididunt sed sit adipiscing tempor labore dolor labore sed ipsum eiusmod Lorem elit consectetur adipiscing elit incididunt incididunt ipsum sed amet do labore ut labore consectetur labore ipsum amet sed Lorem consectetur Lorem ipsum ipsum sed tempor tempor do consectetur consectetur eiusmod tempor
2023-12-14 08:28:40 [pool-1-thread-1] INFO  c.m.t.listener.TwitterStatusListener - @Aurora Thomas - ipsum tempor tempor amet ut sit tempor Lorem ipsum adipiscing amet Lorem sit sed ut tempor Lorem elit adipiscing tempor tempor amet sed do sit labore consectetur amet do Lorem Lorem dolor amet ipsum dolor do sit tempor eiusmod labore tempor adipiscing amet do eiusmod labore sit incididunt Spring ipsum amet eiusmod do labore do sit sit do ut tempor Lorem ut dolor sit sed tempor ut ut eiusmod sit consectetur sit eiusmod do do incididunt eiusmod eiusmod eiusmod Lorem labore ut ut sed eiusmod ipsum adipiscing ut Lorem sed adipiscing amet dolor do sit
2023-12-14 08:28:41 [pool-1-thread-1] INFO  c.m.t.listener.TwitterStatusListener - @Araceli Carvalho - adipiscing eiusmod eiusmod ipsum eiusmod labore ut Lorem ipsum sed do amet ut eiusmod ipsum eiusmod ut do amet incididunt eiusmod sit eiusmod incididunt Lorem ut consectetur amet elit do incididunt Lorem adipiscing sit tempor sit dolor elit adipiscing labore adipiscing elit eiusmod do Lorem Kafka incididunt ut sit eiusmod consectetur incididunt sed incididunt dolor labore eiusmod ut sed do ipsum consectetur adipiscing tempor consectetur incididunt do sed sit adipiscing tempor sit ut Lorem dolor consectetur ipsum dolor Lorem dolor ipsum consectetur amet tempor eiusmod ut ut dolor dolor
